<?xml version="1.0" encoding="UTF-8"?>
<!-- Generated by org.testng.reporters.JUnitReportReporter -->
<testsuite skipped="5" hostname="DESKTOP-PCD4UT7" name="TestCases.CartPageTest" tests="6" failures="0" timestamp="2022-12-30T13:17:03 IST" time="19.393" errors="0">
  <testcase name="checkOutPageTest" time="19.393" classname="TestCases.CartPageTest"/>
  <testcase name="verifyYourCartLogoTest" classname="TestCases.CartPageTest">
    <skipped/>
  </testcase> <!-- verifyYourCartLogoTest -->
  <testcase name="verifyQtyLabelTest" classname="TestCases.CartPageTest">
    <skipped/>
  </testcase> <!-- verifyQtyLabelTest -->
  <testcase name="verifyDiscLabelTest" classname="TestCases.CartPageTest">
    <skipped/>
  </testcase> <!-- verifyDiscLabelTest -->
  <testcase name="verifyAppLogoTest" classname="TestCases.CartPageTest">
    <skipped/>
  </testcase> <!-- verifyAppLogoTest -->
  <testcase name="verifyRemoveBtnAndContinueBtn" classname="TestCases.CartPageTest">
    <skipped/>
  </testcase> <!-- verifyRemoveBtnAndContinueBtn -->
</testsuite> <!-- TestCases.CartPageTest -->
