<?xml version="1.0" encoding="UTF-8"?>
<!-- Generated by org.testng.reporters.JUnitReportReporter -->
<testsuite skipped="5" hostname="DESKTOP-PCD4UT7" name="TestCases.LoginPageTest" tests="6" failures="0" timestamp="2023-01-07T14:08:03 IST" time="8.617" errors="0">
  <testcase name="verifyTitleTest" time="8.617" classname="TestCases.LoginPageTest"/>
  <testcase name="verifyBotLogoTest" classname="TestCases.LoginPageTest">
    <skipped/>
  </testcase> <!-- verifyBotLogoTest -->
  <testcase name="loginToApp3Test" classname="TestCases.LoginPageTest">
    <skipped/>
  </testcase> <!-- loginToApp3Test -->
  <testcase name="verifyLoginLogoTest" classname="TestCases.LoginPageTest">
    <skipped/>
  </testcase> <!-- verifyLoginLogoTest -->
  <testcase name="loginToApp2Test" classname="TestCases.LoginPageTest">
    <skipped/>
  </testcase> <!-- loginToApp2Test -->
  <testcase name="verifyURLTest" classname="TestCases.LoginPageTest">
    <skipped/>
  </testcase> <!-- verifyURLTest -->
</testsuite> <!-- TestCases.LoginPageTest -->
