<?xml version="1.0" encoding="UTF-8"?>
<!-- Generated by org.testng.reporters.JUnitReportReporter -->
<testsuite skipped="0" hostname="DESKTOP-PCD4UT7" name="TestCases.GroupTest" tests="2" failures="0" timestamp="2023-01-07T14:08:04 IST" time="35.072" errors="0">
  <testcase name="Test4" time="12.064" classname="TestCases.GroupTest"/>
  <testcase name="Test6" time="23.008" classname="TestCases.GroupTest"/>
</testsuite> <!-- TestCases.GroupTest -->
