<?xml version="1.0" encoding="UTF-8"?>
<!-- Generated by org.testng.reporters.JUnitReportReporter -->
<testsuite skipped="12" hostname="DESKTOP-PCD4UT7" name="TestCases.InventoryPageTest" tests="14" failures="0" timestamp="2022-12-30T12:11:52 IST" time="26.074" errors="0">
  <testcase name="cartPageTest" time="13.311" classname="TestCases.InventoryPageTest"/>
  <testcase name="addProductTest" time="12.763" classname="TestCases.InventoryPageTest"/>
  <testcase name="verifyTestAllThingsLogoTest" classname="TestCases.InventoryPageTest">
    <skipped/>
  </testcase> <!-- verifyTestAllThingsLogoTest -->
  <testcase name="verifySauceLabsOnesieLogoTest" classname="TestCases.InventoryPageTest">
    <skipped/>
  </testcase> <!-- verifySauceLabsOnesieLogoTest -->
  <testcase name="verifyfacebookLogoTest" classname="TestCases.InventoryPageTest">
    <skipped/>
  </testcase> <!-- verifyfacebookLogoTest -->
  <testcase name="verifySauceLabsFleeceLogoTest" classname="TestCases.InventoryPageTest">
    <skipped/>
  </testcase> <!-- verifySauceLabsFleeceLogoTest -->
  <testcase name="verifyFooterCopyLogoTest" classname="TestCases.InventoryPageTest">
    <skipped/>
  </testcase> <!-- verifyFooterCopyLogoTest -->
  <testcase name="verifyPeekLogoTest" classname="TestCases.InventoryPageTest">
    <skipped/>
  </testcase> <!-- verifyPeekLogoTest -->
  <testcase name="verifySauceLabsBikeLightLogoTest" classname="TestCases.InventoryPageTest">
    <skipped/>
  </testcase> <!-- verifySauceLabsBikeLightLogoTest -->
  <testcase name="verifySauceLabsBoltLogoTest" classname="TestCases.InventoryPageTest">
    <skipped/>
  </testcase> <!-- verifySauceLabsBoltLogoTest -->
  <testcase name="verifyTwitterLogoTest" classname="TestCases.InventoryPageTest">
    <skipped/>
  </testcase> <!-- verifyTwitterLogoTest -->
  <testcase name="verifyLinkedlineLogoTest" classname="TestCases.InventoryPageTest">
    <skipped/>
  </testcase> <!-- verifyLinkedlineLogoTest -->
  <testcase name="verifySauceLabsBackPackLogoTest" classname="TestCases.InventoryPageTest">
    <skipped/>
  </testcase> <!-- verifySauceLabsBackPackLogoTest -->
  <testcase name="verifySwagBotLogoTest" classname="TestCases.InventoryPageTest">
    <skipped/>
  </testcase> <!-- verifySwagBotLogoTest -->
</testsuite> <!-- TestCases.InventoryPageTest -->
