<?xml version="1.0" encoding="UTF-8"?>
<!-- Generated by org.testng.reporters.JUnitReportReporter -->
<testsuite skipped="8" hostname="DESKTOP-PCD4UT7" name="TestCases.LastPageTest" tests="9" failures="0" timestamp="2022-12-30T19:05:40 IST" time="34.985" errors="0">
  <testcase name="verifyFinishBtnTest" time="34.985" classname="TestCases.LastPageTest"/>
  <testcase name="verifyOverviewLogoTest" classname="TestCases.LastPageTest">
    <skipped/>
  </testcase> <!-- verifyOverviewLogoTest -->
  <testcase name="verifyTaxLabelTest" classname="TestCases.LastPageTest">
    <skipped/>
  </testcase> <!-- verifyTaxLabelTest -->
  <testcase name="verifyCancelBtnTest" classname="TestCases.LastPageTest">
    <skipped/>
  </testcase> <!-- verifyCancelBtnTest -->
  <testcase name="verifyTotalLabelTest" classname="TestCases.LastPageTest">
    <skipped/>
  </testcase> <!-- verifyTotalLabelTest -->
  <testcase name="verifyPonyLogoTest" classname="TestCases.LastPageTest">
    <skipped/>
  </testcase> <!-- verifyPonyLogoTest -->
  <testcase name="verifyCardLogoTest" classname="TestCases.LastPageTest">
    <skipped/>
  </testcase> <!-- verifyCardLogoTest -->
  <testcase name="verifySubtotalLabelTest" classname="TestCases.LastPageTest">
    <skipped/>
  </testcase> <!-- verifySubtotalLabelTest -->
  <testcase name="verifyPaymentInfoLogoTest" classname="TestCases.LastPageTest">
    <skipped/>
  </testcase> <!-- verifyPaymentInfoLogoTest -->
</testsuite> <!-- TestCases.LastPageTest -->
