<?xml version="1.0" encoding="UTF-8"?>
<!-- Generated by org.testng.reporters.JUnitReportReporter -->
<testsuite skipped="0" hostname="DESKTOP-PCD4UT7" name="TestCases.PriorityTest" tests="6" failures="0" timestamp="2023-01-05T18:04:28 IST" time="33.613" errors="0">
  <testcase name="verifyTitleTest4" time="7.627" classname="TestCases.PriorityTest"/>
  <testcase name="verifyTitleTest2" time="5.235" classname="TestCases.PriorityTest"/>
  <testcase name="verifyTitleTest5" time="5.112" classname="TestCases.PriorityTest"/>
  <testcase name="verifyTitleTest" time="5.506" classname="TestCases.PriorityTest"/>
  <testcase name="verifyTitleTest1" time="5.019" classname="TestCases.PriorityTest"/>
  <testcase name="verifyTitleTest3" time="5.114" classname="TestCases.PriorityTest"/>
</testsuite> <!-- TestCases.PriorityTest -->
