<?xml version="1.0" encoding="UTF-8"?>
<!-- Generated by org.testng.reporters.JUnitReportReporter -->
<testsuite skipped="4" hostname="DESKTOP-PCD4UT7" name="TestCases.ChecKOutPageTest" tests="5" failures="0" timestamp="2022-12-30T16:50:30 IST" time="28.361" errors="0">
  <testcase name="lastPageTest" time="28.361" classname="TestCases.ChecKOutPageTest"/>
  <testcase name="verifyOptionBtnTest" classname="TestCases.ChecKOutPageTest">
    <skipped/>
  </testcase> <!-- verifyOptionBtnTest -->
  <testcase name="verifyCheckoutInfoLogoTest" classname="TestCases.ChecKOutPageTest">
    <skipped/>
  </testcase> <!-- verifyCheckoutInfoLogoTest -->
  <testcase name="verifyCancelBtnTest" classname="TestCases.ChecKOutPageTest">
    <skipped/>
  </testcase> <!-- verifyCancelBtnTest -->
  <testcase name="verifyTextboxAndContinueBtnTest" classname="TestCases.ChecKOutPageTest">
    <skipped/>
  </testcase> <!-- verifyTextboxAndContinueBtnTest -->
</testsuite> <!-- TestCases.ChecKOutPageTest -->
